<?xml version="1.0" encoding="UTF-8"?>
<testng-results ignored="0" total="1" passed="1" failed="0" skipped="0">
  <reporter-output>
  </reporter-output>
  <suite started-at="2023-01-25T22:49:58 IST" name="Default suite" finished-at="2023-01-25T22:50:26 IST" duration-ms="27980">
    <groups>
      <group name="cucumber">
        <method signature="AbstractTestNGCucumberTests.runScenario(io.cucumber.testng.PickleWrapper,io.cucumber.testng.FeatureWrapper)[pri:0, instance:ROCLoginrunner.CucumberRunnerTests@4afcd809]" name="runScenario" class="io.cucumber.testng.AbstractTestNGCucumberTests"/>
      </group> <!-- cucumber -->
    </groups>
    <test started-at="2023-01-25T22:49:58 IST" name="Default test" finished-at="2023-01-25T22:50:26 IST" duration-ms="27980">
      <class name="ROCLoginrunner.CucumberRunnerTests">
        <test-method is-config="true" signature="setUpClass(org.testng.ITestContext)[pri:0, instance:ROCLoginrunner.CucumberRunnerTests@4afcd809]" started-at="2023-01-25T22:49:58 IST" name="setUpClass" finished-at="2023-01-25T22:49:59 IST" duration-ms="1703" status="PASS">
          <params>
            <param index="0">
              <value>
                <![CDATA[org.testng.TestRunner@2149594a]]>
              </value>
            </param>
          </params>
          <reporter-output>
          </reporter-output>
        </test-method> <!-- setUpClass -->
        <test-method signature="runScenario(io.cucumber.testng.PickleWrapper,io.cucumber.testng.FeatureWrapper)[pri:0, instance:ROCLoginrunner.CucumberRunnerTests@4afcd809]" started-at="2023-01-25T22:49:59 IST" name="runScenario" description="Runs Cucumber Scenarios" data-provider="scenarios" finished-at="2023-01-25T22:50:25 IST" duration-ms="26052" status="PASS">
          <params>
            <param index="0">
              <value>
                <![CDATA["Login with valid Landlord credentials"]]>
              </value>
            </param>
            <param index="1">
              <value>
                <![CDATA["Login to ROC Application"]]>
              </value>
            </param>
          </params>
          <reporter-output>
          </reporter-output>
        </test-method> <!-- runScenario -->
        <test-method is-config="true" signature="tearDownClass()[pri:0, instance:ROCLoginrunner.CucumberRunnerTests@4afcd809]" started-at="2023-01-25T22:50:25 IST" name="tearDownClass" finished-at="2023-01-25T22:50:26 IST" duration-ms="96" status="PASS">
          <reporter-output>
          </reporter-output>
        </test-method> <!-- tearDownClass -->
      </class> <!-- ROCLoginrunner.CucumberRunnerTests -->
    </test> <!-- Default test -->
  </suite> <!-- Default suite -->
</testng-results>
